c:\users\daniil\source\repos\spbct_gorokhovda\educationalpractice\educationalpracticewin\debug\educationalpracticewin.pch
c:\users\daniil\source\repos\spbct_gorokhovda\educationalpractice\educationalpracticewin\debug\vc142.pdb
c:\users\daniil\source\repos\spbct_gorokhovda\educationalpractice\educationalpracticewin\debug\pch.obj
c:\users\daniil\source\repos\spbct_gorokhovda\educationalpractice\educationalpracticewin\debug\form1.obj
c:\users\daniil\source\repos\spbct_gorokhovda\educationalpractice\educationalpracticewin\debug\cppclr_winformsprojekt.obj
c:\users\daniil\source\repos\spbct_gorokhovda\educationalpractice\educationalpracticewin\debug\assemblyinfo.obj
c:\users\daniil\source\repos\spbct_gorokhovda\educationalpractice\educationalpracticewin\debug\.netframework,version=v4.7.2.assemblyattributes.obj
c:\users\daniil\source\repos\spbct_gorokhovda\educationalpractice\educationalpracticewin\debug\educationalpracticewin.form1.resources
c:\users\daniil\source\repos\spbct_gorokhovda\educationalpractice\educationalpracticewin\debug\app.res
c:\users\daniil\source\repos\spbct_gorokhovda\educationalpractice\debug\educationalpracticewin.pdb
c:\users\daniil\source\repos\spbct_gorokhovda\educationalpractice\educationalpracticewin\debug\educatio.ece24fe3.tlog\cl.command.1.tlog
c:\users\daniil\source\repos\spbct_gorokhovda\educationalpractice\educationalpracticewin\debug\educatio.ece24fe3.tlog\cl.read.1.tlog
c:\users\daniil\source\repos\spbct_gorokhovda\educationalpractice\educationalpracticewin\debug\educatio.ece24fe3.tlog\cl.write.1.tlog
c:\users\daniil\source\repos\spbct_gorokhovda\educationalpractice\educationalpracticewin\debug\educatio.ece24fe3.tlog\educationalpracticewin.write.1u.tlog
c:\users\daniil\source\repos\spbct_gorokhovda\educationalpractice\educationalpracticewin\debug\educatio.ece24fe3.tlog\link.3120-cvtres.read.1.tlog
c:\users\daniil\source\repos\spbct_gorokhovda\educationalpractice\educationalpracticewin\debug\educatio.ece24fe3.tlog\link.3120-cvtres.write.1.tlog
c:\users\daniil\source\repos\spbct_gorokhovda\educationalpractice\educationalpracticewin\debug\educatio.ece24fe3.tlog\link.3120-rc.read.1.tlog
c:\users\daniil\source\repos\spbct_gorokhovda\educationalpractice\educationalpracticewin\debug\educatio.ece24fe3.tlog\link.3120-rc.write.1.tlog
c:\users\daniil\source\repos\spbct_gorokhovda\educationalpractice\educationalpracticewin\debug\educatio.ece24fe3.tlog\link.3120.read.1.tlog
c:\users\daniil\source\repos\spbct_gorokhovda\educationalpractice\educationalpracticewin\debug\educatio.ece24fe3.tlog\link.3120.write.1.tlog
c:\users\daniil\source\repos\spbct_gorokhovda\educationalpractice\educationalpracticewin\debug\educatio.ece24fe3.tlog\link.3540-cvtres.read.1.tlog
c:\users\daniil\source\repos\spbct_gorokhovda\educationalpractice\educationalpracticewin\debug\educatio.ece24fe3.tlog\link.3540-cvtres.write.1.tlog
c:\users\daniil\source\repos\spbct_gorokhovda\educationalpractice\educationalpracticewin\debug\educatio.ece24fe3.tlog\link.3540-rc.read.1.tlog
c:\users\daniil\source\repos\spbct_gorokhovda\educationalpractice\educationalpracticewin\debug\educatio.ece24fe3.tlog\link.3540-rc.write.1.tlog
c:\users\daniil\source\repos\spbct_gorokhovda\educationalpractice\educationalpracticewin\debug\educatio.ece24fe3.tlog\link.3540.read.1.tlog
c:\users\daniil\source\repos\spbct_gorokhovda\educationalpractice\educationalpracticewin\debug\educatio.ece24fe3.tlog\link.3540.write.1.tlog
c:\users\daniil\source\repos\spbct_gorokhovda\educationalpractice\educationalpracticewin\debug\educatio.ece24fe3.tlog\link.command.1.tlog
c:\users\daniil\source\repos\spbct_gorokhovda\educationalpractice\educationalpracticewin\debug\educatio.ece24fe3.tlog\link.read.1.tlog
c:\users\daniil\source\repos\spbct_gorokhovda\educationalpractice\educationalpracticewin\debug\educatio.ece24fe3.tlog\link.write.1.tlog
c:\users\daniil\source\repos\spbct_gorokhovda\educationalpractice\educationalpracticewin\debug\educatio.ece24fe3.tlog\metagen.read.1.tlog
c:\users\daniil\source\repos\spbct_gorokhovda\educationalpractice\educationalpracticewin\debug\educatio.ece24fe3.tlog\metagen.write.1.tlog
c:\users\daniil\source\repos\spbct_gorokhovda\educationalpractice\educationalpracticewin\debug\educatio.ece24fe3.tlog\rc.command.1.tlog
c:\users\daniil\source\repos\spbct_gorokhovda\educationalpractice\educationalpracticewin\debug\educatio.ece24fe3.tlog\rc.read.1.tlog
c:\users\daniil\source\repos\spbct_gorokhovda\educationalpractice\educationalpracticewin\debug\educatio.ece24fe3.tlog\rc.write.1.tlog
